# JRE version: OpenJDK Runtime Environment (17.0.6) (build 17.0.6+0-b2043.56-9586694)
# Java VM: OpenJDK 64-Bit Server VM (17.0.6+0-b2043.56-9586694, mixed mode, tiered, compressed oops, compressed class ptrs, g1 gc, windows-amd64)
GC Precious Log:
 CPUs: 8 total, 8 available
 Memory: 7926M
 Large Page Support: Disabled
 NUMA Support: Disabled
 Compressed Oops: Enabled (32-bit)
 Heap Region Size: 1M
 Heap Min Capacity: 8M
 Heap Initial Capacity: 124M
 Heap Max Capacity: 2G
 Pre-touch: Disabled
 Parallel Workers: 8
 Concurrent Workers: 2
 Concurrent Refinement Workers: 8
 Periodic GC: Disabled
Heap:
 garbage-first heap   total 323584K, used 238727K [0x0000000080000000, 0x0000000100000000)
  region size 1024K, 17 young (17408K), 3 survivors (3072K)
 Metaspace       used 138972K, committed 140160K, reserved 1171456K
  class space    used 18788K, committed 19328K, reserved 1048576K
GC Heap History (20 events):
Event: 469.468 GC heap before
{Heap before GC invocations=52 (full 0):
 garbage-first heap   total 269312K, used 221851K [0x0000000080000000, 0x0000000100000000)
  region size 1024K, 46 young (47104K), 4 survivors (4096K)
 Metaspace       used 137427K, committed 138496K, reserved 1171456K
  class space    used 18736K, committed 19264K, reserved 1048576K
}
Event: 469.478 GC heap after
{Heap after GC invocations=53 (full 0):
 garbage-first heap   total 269312K, used 182424K [0x0000000080000000, 0x0000000100000000)
  region size 1024K, 6 young (6144K), 6 survivors (6144K)
 Metaspace       used 137427K, committed 138496K, reserved 1171456K
  class space    used 18736K, committed 19264K, reserved 1048576K
}
Event: 470.021 GC heap before
{Heap before GC invocations=53 (full 0):
 garbage-first heap   total 269312K, used 221336K [0x0000000080000000, 0x0000000100000000)
  region size 1024K, 44 young (45056K), 6 survivors (6144K)
 Metaspace       used 137682K, committed 138752K, reserved 1171456K
  class space    used 18738K, committed 19264K, reserved 1048576K
}
Event: 470.029 GC heap after
{Heap after GC invocations=54 (full 0):
 garbage-first heap   total 269312K, used 184585K [0x0000000080000000, 0x0000000100000000)
  region size 1024K, 4 young (4096K), 4 survivors (4096K)
 Metaspace       used 137682K, committed 138752K, reserved 1171456K
  class space    used 18738K, committed 19264K, reserved 1048576K
}
Event: 489.001 GC heap before
{Heap before GC invocations=54 (full 0):
 garbage-first heap   total 269312K, used 234761K [0x0000000080000000, 0x0000000100000000)
  region size 1024K, 42 young (43008K), 4 survivors (4096K)
 Metaspace       used 137798K, committed 138880K, reserved 1171456K
  class space    used 18739K, committed 19264K, reserved 1048576K
}
Event: 489.005 GC heap after
{Heap after GC invocations=55 (full 0):
 garbage-first heap   total 269312K, used 183719K [0x0000000080000000, 0x0000000100000000)
  region size 1024K, 3 young (3072K), 3 survivors (3072K)
 Metaspace       used 137798K, committed 138880K, reserved 1171456K
  class space    used 18739K, committed 19264K, reserved 1048576K
}
Event: 489.447 GC heap before
{Heap before GC invocations=55 (full 0):
 garbage-first heap   total 269312K, used 224679K [0x0000000080000000, 0x0000000100000000)
  region size 1024K, 44 young (45056K), 3 survivors (3072K)
 Metaspace       used 137980K, committed 139072K, reserved 1171456K
  class space    used 18750K, committed 19264K, reserved 1048576K
}
Event: 489.456 GC heap after
{Heap after GC invocations=56 (full 0):
 garbage-first heap   total 269312K, used 189272K [0x0000000080000000, 0x0000000100000000)
  region size 1024K, 6 young (6144K), 6 survivors (6144K)
 Metaspace       used 137980K, committed 139072K, reserved 1171456K
  class space    used 18750K, committed 19264K, reserved 1048576K
}
Event: 489.928 GC heap before
{Heap before GC invocations=56 (full 0):
 garbage-first heap   total 269312K, used 227160K [0x0000000080000000, 0x0000000100000000)
  region size 1024K, 42 young (43008K), 6 survivors (6144K)
 Metaspace       used 138169K, committed 139264K, reserved 1171456K
  class space    used 18751K, committed 19264K, reserved 1048576K
}
Event: 489.942 GC heap after
{Heap after GC invocations=57 (full 0):
 garbage-first heap   total 269312K, used 196801K [0x0000000080000000, 0x0000000100000000)
  region size 1024K, 6 young (6144K), 6 survivors (6144K)
 Metaspace       used 138169K, committed 139264K, reserved 1171456K
  class space    used 18751K, committed 19264K, reserved 1048576K
}
Event: 588.022 GC heap before
{Heap before GC invocations=57 (full 0):
 garbage-first heap   total 269312K, used 236737K [0x0000000080000000, 0x0000000100000000)
  region size 1024K, 35 young (35840K), 6 survivors (6144K)
 Metaspace       used 138386K, committed 139456K, reserved 1171456K
  class space    used 18757K, committed 19264K, reserved 1048576K
}
Event: 588.070 GC heap after
{Heap after GC invocations=58 (full 0):
 garbage-first heap   total 269312K, used 199567K [0x0000000080000000, 0x0000000100000000)
  region size 1024K, 3 young (3072K), 3 survivors (3072K)
 Metaspace       used 138386K, committed 139456K, reserved 1171456K
  class space    used 18757K, committed 19264K, reserved 1048576K
}
Event: 588.899 GC heap before
{Heap before GC invocations=58 (full 0):
 garbage-first heap   total 269312K, used 228239K [0x0000000080000000, 0x0000000100000000)
  region size 1024K, 32 young (32768K), 3 survivors (3072K)
 Metaspace       used 138557K, committed 139648K, reserved 1171456K
  class space    used 18763K, committed 19264K, reserved 1048576K
}
Event: 588.933 GC heap after
{Heap after GC invocations=59 (full 0):
 garbage-first heap   total 269312K, used 202971K [0x0000000080000000, 0x0000000100000000)
  region size 1024K, 4 young (4096K), 4 survivors (4096K)
 Metaspace       used 138557K, committed 139648K, reserved 1171456K
  class space    used 18763K, committed 19264K, reserved 1048576K
}
Event: 589.181 GC heap before
{Heap before GC invocations=59 (full 0):
 garbage-first heap   total 269312K, used 229595K [0x0000000080000000, 0x0000000100000000)
  region size 1024K, 29 young (29696K), 4 survivors (4096K)
 Metaspace       used 138592K, committed 139712K, reserved 1171456K
  class space    used 18763K, committed 19264K, reserved 1048576K
}
Event: 589.240 GC heap after
{Heap after GC invocations=60 (full 0):
 garbage-first heap   total 323584K, used 217037K [0x0000000080000000, 0x0000000100000000)
  region size 1024K, 4 young (4096K), 4 survivors (4096K)
 Metaspace       used 138592K, committed 139712K, reserved 1171456K
  class space    used 18763K, committed 19264K, reserved 1048576K
}
Event: 591.514 GC heap before
{Heap before GC invocations=60 (full 0):
 garbage-first heap   total 323584K, used 278477K [0x0000000080000000, 0x0000000100000000)
  region size 1024K, 50 young (51200K), 4 survivors (4096K)
 Metaspace       used 138768K, committed 139904K, reserved 1171456K
  class space    used 18764K, committed 19264K, reserved 1048576K
}
Event: 591.529 GC heap after
{Heap after GC invocations=61 (full 0):
 garbage-first heap   total 323584K, used 224751K [0x0000000080000000, 0x0000000100000000)
  region size 1024K, 7 young (7168K), 7 survivors (7168K)
 Metaspace       used 138768K, committed 139904K, reserved 1171456K
  class space    used 18764K, committed 19264K, reserved 1048576K
}
Event: 660.029 GC heap before
{Heap before GC invocations=61 (full 0):
 garbage-first heap   total 323584K, used 275951K [0x0000000080000000, 0x0000000100000000)
  region size 1024K, 47 young (48128K), 7 survivors (7168K)
 Metaspace       used 138882K, committed 140032K, reserved 1171456K
  class space    used 18770K, committed 19264K, reserved 1048576K
}
Event: 660.060 GC heap after
{Heap after GC invocations=62 (full 0):
 garbage-first heap   total 323584K, used 225415K [0x0000000080000000, 0x0000000100000000)
  region size 1024K, 3 young (3072K), 3 survivors (3072K)
 Metaspace       used 138882K, committed 140032K, reserved 1171456K
  class space    used 18770K, committed 19264K, reserved 1048576K
}

