# JRE version: OpenJDK Runtime Environment (17.0.6) (build 17.0.6+0-b2043.56-9586694)
# Java VM: OpenJDK 64-Bit Server VM (17.0.6+0-b2043.56-9586694, mixed mode, tiered, compressed oops, compressed class ptrs, g1 gc, windows-amd64)
GC Precious Log:
 CPUs: 8 total, 8 available
 Memory: 7926M
 Large Page Support: Disabled
 NUMA Support: Disabled
 Compressed Oops: Enabled (32-bit)
 Heap Region Size: 1M
 Heap Min Capacity: 8M
 Heap Initial Capacity: 124M
 Heap Max Capacity: 2G
 Pre-touch: Disabled
 Parallel Workers: 8
 Concurrent Workers: 2
 Concurrent Refinement Workers: 8
 Periodic GC: Disabled
Heap:
 garbage-first heap   total 126976K, used 80010K [0x0000000080000000, 0x0000000100000000)
  region size 1024K, 4 young (4096K), 4 survivors (4096K)
 Metaspace       used 87100K, committed 87744K, reserved 1130496K
  class space    used 11852K, committed 12096K, reserved 1048576K
GC Heap History (20 events):
Event: 8.683 GC heap after
{Heap after GC invocations=22 (full 0):
 garbage-first heap   total 104448K, used 53222K [0x0000000080000000, 0x0000000100000000)
  region size 1024K, 3 young (3072K), 3 survivors (3072K)
 Metaspace       used 67068K, committed 67648K, reserved 1114112K
  class space    used 8818K, committed 9088K, reserved 1048576K
}
Event: 8.784 GC heap before
{Heap before GC invocations=23 (full 0):
 garbage-first heap   total 104448K, used 58342K [0x0000000080000000, 0x0000000100000000)
  region size 1024K, 9 young (9216K), 3 survivors (3072K)
 Metaspace       used 67660K, committed 68224K, reserved 1114112K
  class space    used 8868K, committed 9152K, reserved 1048576K
}
Event: 8.787 GC heap after
{Heap after GC invocations=24 (full 0):
 garbage-first heap   total 104448K, used 53981K [0x0000000080000000, 0x0000000100000000)
  region size 1024K, 3 young (3072K), 3 survivors (3072K)
 Metaspace       used 67660K, committed 68224K, reserved 1114112K
  class space    used 8868K, committed 9152K, reserved 1048576K
}
Event: 9.097 GC heap before
{Heap before GC invocations=25 (full 0):
 garbage-first heap   total 104448K, used 80605K [0x0000000080000000, 0x0000000100000000)
  region size 1024K, 28 young (28672K), 3 survivors (3072K)
 Metaspace       used 68585K, committed 69120K, reserved 1114112K
  class space    used 9016K, committed 9280K, reserved 1048576K
}
Event: 9.102 GC heap after
{Heap after GC invocations=26 (full 0):
 garbage-first heap   total 104448K, used 55351K [0x0000000080000000, 0x0000000100000000)
  region size 1024K, 3 young (3072K), 3 survivors (3072K)
 Metaspace       used 68585K, committed 69120K, reserved 1114112K
  class space    used 9016K, committed 9280K, reserved 1048576K
}
Event: 9.378 GC heap before
{Heap before GC invocations=26 (full 0):
 garbage-first heap   total 104448K, used 79927K [0x0000000080000000, 0x0000000100000000)
  region size 1024K, 28 young (28672K), 3 survivors (3072K)
 Metaspace       used 69873K, committed 70400K, reserved 1114112K
  class space    used 9181K, committed 9408K, reserved 1048576K
}
Event: 9.383 GC heap after
{Heap after GC invocations=27 (full 0):
 garbage-first heap   total 125952K, used 57534K [0x0000000080000000, 0x0000000100000000)
  region size 1024K, 4 young (4096K), 4 survivors (4096K)
 Metaspace       used 69873K, committed 70400K, reserved 1114112K
  class space    used 9181K, committed 9408K, reserved 1048576K
}
Event: 10.241 GC heap before
{Heap before GC invocations=28 (full 0):
 garbage-first heap   total 125952K, used 96446K [0x0000000080000000, 0x0000000100000000)
  region size 1024K, 42 young (43008K), 4 survivors (4096K)
 Metaspace       used 74614K, committed 75200K, reserved 1114112K
  class space    used 10050K, committed 10304K, reserved 1048576K
}
Event: 10.246 GC heap after
{Heap after GC invocations=29 (full 0):
 garbage-first heap   total 125952K, used 60159K [0x0000000080000000, 0x0000000100000000)
  region size 1024K, 5 young (5120K), 5 survivors (5120K)
 Metaspace       used 74614K, committed 75200K, reserved 1114112K
  class space    used 10050K, committed 10304K, reserved 1048576K
}
Event: 10.252 GC heap before
{Heap before GC invocations=29 (full 0):
 garbage-first heap   total 125952K, used 61183K [0x0000000080000000, 0x0000000100000000)
  region size 1024K, 6 young (6144K), 5 survivors (5120K)
 Metaspace       used 74649K, committed 75264K, reserved 1122304K
  class space    used 10052K, committed 10304K, reserved 1048576K
}
Event: 10.259 GC heap after
{Heap after GC invocations=30 (full 0):
 garbage-first heap   total 125952K, used 59961K [0x0000000080000000, 0x0000000100000000)
  region size 1024K, 1 young (1024K), 1 survivors (1024K)
 Metaspace       used 74649K, committed 75264K, reserved 1122304K
  class space    used 10052K, committed 10304K, reserved 1048576K
}
Event: 11.004 GC heap before
{Heap before GC invocations=30 (full 0):
 garbage-first heap   total 125952K, used 98873K [0x0000000080000000, 0x0000000100000000)
  region size 1024K, 39 young (39936K), 1 survivors (1024K)
 Metaspace       used 78462K, committed 79040K, reserved 1122304K
  class space    used 10622K, committed 10880K, reserved 1048576K
}
Event: 11.010 GC heap after
{Heap after GC invocations=31 (full 0):
 garbage-first heap   total 125952K, used 62293K [0x0000000080000000, 0x0000000100000000)
  region size 1024K, 3 young (3072K), 3 survivors (3072K)
 Metaspace       used 78462K, committed 79040K, reserved 1122304K
  class space    used 10622K, committed 10880K, reserved 1048576K
}
Event: 12.146 GC heap before
{Heap before GC invocations=32 (full 0):
 garbage-first heap   total 125952K, used 100181K [0x0000000080000000, 0x0000000100000000)
  region size 1024K, 40 young (40960K), 3 survivors (3072K)
 Metaspace       used 82751K, committed 83392K, reserved 1122304K
  class space    used 11239K, committed 11520K, reserved 1048576K
}
Event: 12.159 GC heap after
{Heap after GC invocations=33 (full 0):
 garbage-first heap   total 125952K, used 65609K [0x0000000080000000, 0x0000000100000000)
  region size 1024K, 4 young (4096K), 4 survivors (4096K)
 Metaspace       used 82751K, committed 83392K, reserved 1122304K
  class space    used 11239K, committed 11520K, reserved 1048576K
}
Event: 12.835 GC heap before
{Heap before GC invocations=33 (full 0):
 garbage-first heap   total 125952K, used 100425K [0x0000000080000000, 0x0000000100000000)
  region size 1024K, 38 young (38912K), 4 survivors (4096K)
 Metaspace       used 83089K, committed 83648K, reserved 1122304K
  class space    used 11274K, committed 11520K, reserved 1048576K
}
Event: 12.848 GC heap after
{Heap after GC invocations=34 (full 0):
 garbage-first heap   total 125952K, used 71127K [0x0000000080000000, 0x0000000100000000)
  region size 1024K, 5 young (5120K), 5 survivors (5120K)
 Metaspace       used 83089K, committed 83648K, reserved 1122304K
  class space    used 11274K, committed 11520K, reserved 1048576K
}
Event: 13.544 GC heap before
{Heap before GC invocations=35 (full 0):
 garbage-first heap   total 125952K, used 99799K [0x0000000080000000, 0x0000000100000000)
  region size 1024K, 34 young (34816K), 5 survivors (5120K)
 Metaspace       used 86155K, committed 86784K, reserved 1130496K
  class space    used 11689K, committed 11968K, reserved 1048576K
}
Event: 13.554 GC heap after
{Heap after GC invocations=36 (full 0):
 garbage-first heap   total 125952K, used 76415K [0x0000000080000000, 0x0000000100000000)
  region size 1024K, 5 young (5120K), 5 survivors (5120K)
 Metaspace       used 86155K, committed 86784K, reserved 1130496K
  class space    used 11689K, committed 11968K, reserved 1048576K
}
Event: 14.100 GC heap before
{Heap before GC invocations=36 (full 0):
 garbage-first heap   total 125952K, used 100991K [0x0000000080000000, 0x0000000100000000)
  region size 1024K, 30 young (30720K), 5 survivors (5120K)
 Metaspace       used 87100K, committed 87744K, reserved 1130496K
  class space    used 11852K, committed 12096K, reserved 1048576K
}

