# JRE version: OpenJDK Runtime Environment (17.0.6) (build 17.0.6+0-b2043.56-9586694)
# Java VM: OpenJDK 64-Bit Server VM (17.0.6+0-b2043.56-9586694, mixed mode, tiered, compressed oops, compressed class ptrs, g1 gc, windows-amd64)
GC Precious Log:
 CPUs: 8 total, 8 available
 Memory: 7926M
 Large Page Support: Disabled
 NUMA Support: Disabled
 Compressed Oops: Enabled (32-bit)
 Heap Region Size: 1M
 Heap Min Capacity: 8M
 Heap Initial Capacity: 124M
 Heap Max Capacity: 2G
 Pre-touch: Disabled
 Parallel Workers: 8
 Concurrent Workers: 2
 Concurrent Refinement Workers: 8
 Periodic GC: Disabled
Heap:
 garbage-first heap   total 82944K, used 47142K [0x0000000080000000, 0x0000000100000000)
  region size 1024K, 20 young (20480K), 4 survivors (4096K)
 Metaspace       used 46870K, committed 47296K, reserved 1097728K
  class space    used 6142K, committed 6336K, reserved 1048576K
GC Heap History (16 events):
Event: 0.567 GC heap before
{Heap before GC invocations=0 (full 0):
 garbage-first heap   total 126976K, used 26624K [0x0000000080000000, 0x0000000100000000)
  region size 1024K, 23 young (23552K), 0 survivors (0K)
 Metaspace       used 10265K, committed 10432K, reserved 1064960K
  class space    used 1061K, committed 1152K, reserved 1048576K
}
Event: 0.574 GC heap after
{Heap after GC invocations=1 (full 0):
 garbage-first heap   total 126976K, used 10240K [0x0000000080000000, 0x0000000100000000)
  region size 1024K, 3 young (3072K), 3 survivors (3072K)
 Metaspace       used 10265K, committed 10432K, reserved 1064960K
  class space    used 1061K, committed 1152K, reserved 1048576K
}
Event: 0.836 GC heap before
{Heap before GC invocations=1 (full 0):
 garbage-first heap   total 126976K, used 39936K [0x0000000080000000, 0x0000000100000000)
  region size 1024K, 31 young (31744K), 3 survivors (3072K)
 Metaspace       used 11206K, committed 11456K, reserved 1064960K
  class space    used 1164K, committed 1280K, reserved 1048576K
}
Event: 0.843 GC heap after
{Heap after GC invocations=2 (full 0):
 garbage-first heap   total 126976K, used 14668K [0x0000000080000000, 0x0000000100000000)
  region size 1024K, 4 young (4096K), 4 survivors (4096K)
 Metaspace       used 11206K, committed 11456K, reserved 1064960K
  class space    used 1164K, committed 1280K, reserved 1048576K
}
Event: 1.878 GC heap before
{Heap before GC invocations=2 (full 0):
 garbage-first heap   total 126976K, used 53580K [0x0000000080000000, 0x0000000100000000)
  region size 1024K, 43 young (44032K), 4 survivors (4096K)
 Metaspace       used 21201K, committed 21504K, reserved 1073152K
  class space    used 2586K, committed 2752K, reserved 1048576K
}
Event: 1.884 GC heap after
{Heap after GC invocations=3 (full 0):
 garbage-first heap   total 126976K, used 18293K [0x0000000080000000, 0x0000000100000000)
  region size 1024K, 8 young (8192K), 8 survivors (8192K)
 Metaspace       used 21201K, committed 21504K, reserved 1073152K
  class space    used 2586K, committed 2752K, reserved 1048576K
}
Event: 2.450 GC heap before
{Heap before GC invocations=4 (full 0):
 garbage-first heap   total 68608K, used 51061K [0x0000000080000000, 0x0000000100000000)
  region size 1024K, 40 young (40960K), 8 survivors (8192K)
 Metaspace       used 26231K, committed 26496K, reserved 1073152K
  class space    used 3461K, committed 3584K, reserved 1048576K
}
Event: 2.457 GC heap after
{Heap after GC invocations=5 (full 0):
 garbage-first heap   total 68608K, used 20368K [0x0000000080000000, 0x0000000100000000)
  region size 1024K, 3 young (3072K), 3 survivors (3072K)
 Metaspace       used 26231K, committed 26496K, reserved 1073152K
  class space    used 3461K, committed 3584K, reserved 1048576K
}
Event: 2.866 GC heap before
{Heap before GC invocations=5 (full 0):
 garbage-first heap   total 68608K, used 45968K [0x0000000080000000, 0x0000000100000000)
  region size 1024K, 28 young (28672K), 3 survivors (3072K)
 Metaspace       used 30183K, committed 30464K, reserved 1081344K
  class space    used 4105K, committed 4224K, reserved 1048576K
}
Event: 2.871 GC heap after
{Heap after GC invocations=6 (full 0):
 garbage-first heap   total 82944K, used 21596K [0x0000000080000000, 0x0000000100000000)
  region size 1024K, 4 young (4096K), 4 survivors (4096K)
 Metaspace       used 30183K, committed 30464K, reserved 1081344K
  class space    used 4105K, committed 4224K, reserved 1048576K
}
Event: 3.403 GC heap before
{Heap before GC invocations=6 (full 0):
 garbage-first heap   total 82944K, used 52316K [0x0000000080000000, 0x0000000100000000)
  region size 1024K, 36 young (36864K), 4 survivors (4096K)
 Metaspace       used 35665K, committed 35968K, reserved 1081344K
  class space    used 4891K, committed 5056K, reserved 1048576K
}
Event: 3.408 GC heap after
{Heap after GC invocations=7 (full 0):
 garbage-first heap   total 82944K, used 23923K [0x0000000080000000, 0x0000000100000000)
  region size 1024K, 4 young (4096K), 4 survivors (4096K)
 Metaspace       used 35665K, committed 35968K, reserved 1081344K
  class space    used 4891K, committed 5056K, reserved 1048576K
}
Event: 3.906 GC heap before
{Heap before GC invocations=8 (full 0):
 garbage-first heap   total 82944K, used 60787K [0x0000000080000000, 0x0000000100000000)
  region size 1024K, 40 young (40960K), 4 survivors (4096K)
 Metaspace       used 40794K, committed 41152K, reserved 1089536K
  class space    used 5416K, committed 5568K, reserved 1048576K
}
Event: 3.914 GC heap after
{Heap after GC invocations=9 (full 0):
 garbage-first heap   total 82944K, used 27810K [0x0000000080000000, 0x0000000100000000)
  region size 1024K, 5 young (5120K), 5 survivors (5120K)
 Metaspace       used 40794K, committed 41152K, reserved 1089536K
  class space    used 5416K, committed 5568K, reserved 1048576K
}
Event: 4.388 GC heap before
{Heap before GC invocations=9 (full 0):
 garbage-first heap   total 82944K, used 62626K [0x0000000080000000, 0x0000000100000000)
  region size 1024K, 37 young (37888K), 5 survivors (5120K)
 Metaspace       used 44054K, committed 44416K, reserved 1089536K
  class space    used 5817K, committed 5952K, reserved 1048576K
}
Event: 4.397 GC heap after
{Heap after GC invocations=10 (full 0):
 garbage-first heap   total 82944K, used 31782K [0x0000000080000000, 0x0000000100000000)
  region size 1024K, 4 young (4096K), 4 survivors (4096K)
 Metaspace       used 44054K, committed 44416K, reserved 1089536K
  class space    used 5817K, committed 5952K, reserved 1048576K
}

